<?xml version="1.0" encoding="UTF-8" ?>
<testsuite tests="6" failures="0" name="tesrRunner.cucumberRunnerTest" time="124.182" errors="3" skipped="0">
  <properties>
[...]
</properties>
  <testcase classname="Customers" name="Add a New Customer" time="16.729">
    <error message="element not interactable
  (Session info: chrome=115.0.5790.171)
Build info: version: &apos;4.11.0&apos;, revision: &apos;040bc5406b&apos;
System info: os.name: &apos;Windows 10&apos;, os.arch: &apos;amd64&apos;, os.version: &apos;10.0&apos;, java.version: &apos;17.0.3.1&apos;
Driver info: org.openqa.selenium.chrome.ChromeDriver
Command: [00765429a9f5c33c478d542ec0e88abf, clickElement {id=49195CC2C48C59001A2DB38ACFA404C1_element_91}]
Capabilities {acceptInsecureCerts: false, browserName: chrome, browserVersion: 115.0.5790.171, chrome: {chromedriverVersion: 115.0.5790.170 (cc0d30c2ca5..., userDataDir: C:\WINDOWS\SystemTemp\scope...}, goog:chromeOptions: {debuggerAddress: localhost:50212}, networkConnectionEnabled: false, pageLoadStrategy: normal, platformName: windows, proxy: Proxy(), se:cdp: ws://localhost:50212/devtoo..., se:cdpVersion: 115.0.5790.171, setWindowRect: true, strictFileInteractability: false, timeouts: {implicit: 0, pageLoad: 300000, script: 30000}, unhandledPromptBehavior: dismiss and notify, webauthn:extension:credBlob: true, webauthn:extension:largeBlob: true, webauthn:extension:minPinLength: true, webauthn:extension:prf: true, webauthn:virtualAuthenticators: true}
Element: [[ChromeDriver: chrome on windows (00765429a9f5c33c478d542ec0e88abf)] -&gt; xpath: /html/body/div[3]/aside/div/div[4]/div/div/nav/ul/li[4]/a/p]
Session ID: 00765429a9f5c33c478d542ec0e88abf" type="org.openqa.selenium.ElementNotInteractableException">org.openqa.selenium.ElementNotInteractableException: element not interactable
  (Session info: chrome=115.0.5790.171)
Build info: version: &apos;4.11.0&apos;, revision: &apos;040bc5406b&apos;
System info: os.name: &apos;Windows 10&apos;, os.arch: &apos;amd64&apos;, os.version: &apos;10.0&apos;, java.version: &apos;17.0.3.1&apos;
Driver info: org.openqa.selenium.chrome.ChromeDriver
Command: [00765429a9f5c33c478d542ec0e88abf, clickElement {id=49195CC2C48C59001A2DB38ACFA404C1_element_91}]
Capabilities {acceptInsecureCerts: false, browserName: chrome, browserVersion: 115.0.5790.171, chrome: {chromedriverVersion: 115.0.5790.170 (cc0d30c2ca5..., userDataDir: C:\WINDOWS\SystemTemp\scope...}, goog:chromeOptions: {debuggerAddress: localhost:50212}, networkConnectionEnabled: false, pageLoadStrategy: normal, platformName: windows, proxy: Proxy(), se:cdp: ws://localhost:50212/devtoo..., se:cdpVersion: 115.0.5790.171, setWindowRect: true, strictFileInteractability: false, timeouts: {implicit: 0, pageLoad: 300000, script: 30000}, unhandledPromptBehavior: dismiss and notify, webauthn:extension:credBlob: true, webauthn:extension:largeBlob: true, webauthn:extension:minPinLength: true, webauthn:extension:prf: true, webauthn:virtualAuthenticators: true}
Element: [[ChromeDriver: chrome on windows (00765429a9f5c33c478d542ec0e88abf)] -&gt; xpath: /html/body/div[3]/aside/div/div[4]/div/div/nav/ul/li[4]/a/p]
Session ID: 00765429a9f5c33c478d542ec0e88abf
	at java.base/jdk.internal.reflect.NativeConstructorAccessorImpl.newInstance0(Native Method)
	at java.base/jdk.internal.reflect.NativeConstructorAccessorImpl.newInstance(NativeConstructorAccessorImpl.java:77)
	at java.base/jdk.internal.reflect.DelegatingConstructorAccessorImpl.newInstance(DelegatingConstructorAccessorImpl.java:45)
	at java.base/java.lang.reflect.Constructor.newInstanceWithCaller(Constructor.java:499)
	at java.base/java.lang.reflect.Constructor.newInstance(Constructor.java:480)
	at org.openqa.selenium.remote.codec.w3c.W3CHttpResponseCodec.createException(W3CHttpResponseCodec.java:200)
	at org.openqa.selenium.remote.codec.w3c.W3CHttpResponseCodec.decode(W3CHttpResponseCodec.java:133)
	at org.openqa.selenium.remote.codec.w3c.W3CHttpResponseCodec.decode(W3CHttpResponseCodec.java:52)
	at org.openqa.selenium.remote.HttpCommandExecutor.execute(HttpCommandExecutor.java:191)
	at org.openqa.selenium.remote.service.DriverCommandExecutor.invokeExecute(DriverCommandExecutor.java:196)
	at org.openqa.selenium.remote.service.DriverCommandExecutor.execute(DriverCommandExecutor.java:171)
	at org.openqa.selenium.remote.RemoteWebDriver.execute(RemoteWebDriver.java:518)
	at org.openqa.selenium.remote.RemoteWebElement.execute(RemoteWebElement.java:224)
	at org.openqa.selenium.remote.RemoteWebElement.click(RemoteWebElement.java:77)
	at pageObjects.AddCustomerPage.setLink_customer_menu(AddCustomerPage.java:74)
	at stepDefinations.Steps.user_click_on_customers_menu(Steps.java:147)
	at ✽.User click on customers Menu(file:///C:/Ani/cucumber/MiniCucumberProject/./Features/Customers.feature:13)
</error>
    <system-out>
@Customers @Sanity
Scenario: Add a New Customer                                                              # Features/Customers.feature:12
2023-08-12 01:42:32 INFO  NOP Commerce Project:53-********Launching the chrome browser*********
  Given User Launch Firefox Browser                                                       # stepDefinations.Steps.user_launch_firefox_browser()
2023-08-12 01:42:32 INFO  NOP Commerce Project:75-********Opening url http://admin-demo.nopcommerce.com/login *********
  When User open URL &quot;http://admin-demo.nopcommerce.com/login&quot;                            # stepDefinations.Steps.user_Open_URL(java.lang.String)
2023-08-12 01:42:33 INFO  NOP Commerce Project:83-********Providing Login Details*********
2023-08-12 01:42:33 INFO  NOP Commerce Project:84-********Providing userName*********
2023-08-12 01:42:34 INFO  NOP Commerce Project:86-********Providing Password*********
  And User enters Email as &quot;admin@yourstore.com&quot; and Password as &quot;admin&quot;                  # stepDefinations.Steps.user_email_and_password(java.lang.String,java.lang.String)
2023-08-12 01:42:34 INFO  NOP Commerce Project:94-********Clicking the login button*********
  And Click on Login                                                                      # stepDefinations.Steps.logIn()
  Then User can view Dasboard                                                             # stepDefinations.Steps.user_can_view_dasboard()
  When User click on customers Menu                                                       # stepDefinations.Steps.user_click_on_customers_menu()
      org.openqa.selenium.ElementNotInteractableException: element not interactable
  (Session info: chrome=115.0.5790.171)
Build info: version: &apos;4.11.0&apos;, revision: &apos;040bc5406b&apos;
System info: os.name: &apos;Windows 10&apos;, os.arch: &apos;amd64&apos;, os.version: &apos;10.0&apos;, java.version: &apos;17.0.3.1&apos;
Driver info: org.openqa.selenium.chrome.ChromeDriver
Command: [00765429a9f5c33c478d542ec0e88abf, clickElement {id=49195CC2C48C59001A2DB38ACFA404C1_element_91}]
Capabilities {acceptInsecureCerts: false, browserName: chrome, browserVersion: 115.0.5790.171, chrome: {chromedriverVersion: 115.0.5790.170 (cc0d30c2ca5..., userDataDir: C:\WINDOWS\SystemTemp\scope...}, goog:chromeOptions: {debuggerAddress: localhost:50212}, networkConnectionEnabled: false, pageLoadStrategy: normal, platformName: windows, proxy: Proxy(), se:cdp: ws://localhost:50212/devtoo..., se:cdpVersion: 115.0.5790.171, setWindowRect: true, strictFileInteractability: false, timeouts: {implicit: 0, pageLoad: 300000, script: 30000}, unhandledPromptBehavior: dismiss and notify, webauthn:extension:credBlob: true, webauthn:extension:largeBlob: true, webauthn:extension:minPinLength: true, webauthn:extension:prf: true, webauthn:virtualAuthenticators: true}
Element: [[ChromeDriver: chrome on windows (00765429a9f5c33c478d542ec0e88abf)] -&gt; xpath: /html/body/div[3]/aside/div/div[4]/div/div/nav/ul/li[4]/a/p]
Session ID: 00765429a9f5c33c478d542ec0e88abf
	at java.base/jdk.internal.reflect.NativeConstructorAccessorImpl.newInstance0(Native Method)
	at java.base/jdk.internal.reflect.NativeConstructorAccessorImpl.newInstance(NativeConstructorAccessorImpl.java:77)
	at java.base/jdk.internal.reflect.DelegatingConstructorAccessorImpl.newInstance(DelegatingConstructorAccessorImpl.java:45)
	at java.base/java.lang.reflect.Constructor.newInstanceWithCaller(Constructor.java:499)
	at java.base/java.lang.reflect.Constructor.newInstance(Constructor.java:480)
	at org.openqa.selenium.remote.codec.w3c.W3CHttpResponseCodec.createException(W3CHttpResponseCodec.java:200)
	at org.openqa.selenium.remote.codec.w3c.W3CHttpResponseCodec.decode(W3CHttpResponseCodec.java:133)
	at org.openqa.selenium.remote.codec.w3c.W3CHttpResponseCodec.decode(W3CHttpResponseCodec.java:52)
	at org.openqa.selenium.remote.HttpCommandExecutor.execute(HttpCommandExecutor.java:191)
	at org.openqa.selenium.remote.service.DriverCommandExecutor.invokeExecute(DriverCommandExecutor.java:196)
	at org.openqa.selenium.remote.service.DriverCommandExecutor.execute(DriverCommandExecutor.java:171)
	at org.openqa.selenium.remote.RemoteWebDriver.execute(RemoteWebDriver.java:518)
	at org.openqa.selenium.remote.RemoteWebElement.execute(RemoteWebElement.java:224)
	at org.openqa.selenium.remote.RemoteWebElement.click(RemoteWebElement.java:77)
	at pageObjects.AddCustomerPage.setLink_customer_menu(AddCustomerPage.java:74)
	at stepDefinations.Steps.user_click_on_customers_menu(Steps.java:147)
	at âœ½.User click on customers Menu(file:///C:/Ani/cucumber/MiniCucumberProject/./Features/Customers.feature:13)

  And Click on Customers menu item                                                        # stepDefinations.Steps.click_on_customers_menu_item()
  And Click on Add new button                                                             # stepDefinations.Steps.click_on_add_new_button()
  Then User can view Add new customer page                                                # stepDefinations.Steps.user_can_view_add_new_customer_page()
  When User enter customer info                                                           # stepDefinations.Steps.user_enter_customer_info()
  And Click on Save button                                                                # stepDefinations.Steps.click_on_save_button()
  Then User can view confirmation message &quot;The new customer has been added successfully.&quot; # stepDefinations.Steps.user_can_view_confirmation_message(java.lang.String)
  And Close browser                                                                       # stepDefinations.Steps.close()
</system-out>
    <system-err>SLF4J: Failed to load class &quot;org.slf4j.impl.StaticLoggerBinder&quot;.
SLF4J: Defaulting to no-operation (NOP) logger implementation
SLF4J: See http://www.slf4j.org/codes.html#StaticLoggerBinder for further details.
</system-err>
  </testcase>
  <testcase classname="Customers" name="Search customer by E-mailId" time="13.52">
    <error message="element not interactable
  (Session info: chrome=115.0.5790.171)
Build info: version: &apos;4.11.0&apos;, revision: &apos;040bc5406b&apos;
System info: os.name: &apos;Windows 10&apos;, os.arch: &apos;amd64&apos;, os.version: &apos;10.0&apos;, java.version: &apos;17.0.3.1&apos;
Driver info: org.openqa.selenium.chrome.ChromeDriver
Command: [0222689de64a5462ce6066cc48a0e168, clickElement {id=0E797ACD42283D4D33D27C7A5608F6CC_element_103}]
Capabilities {acceptInsecureCerts: false, browserName: chrome, browserVersion: 115.0.5790.171, chrome: {chromedriverVersion: 115.0.5790.170 (cc0d30c2ca5..., userDataDir: C:\WINDOWS\SystemTemp\scope...}, goog:chromeOptions: {debuggerAddress: localhost:50235}, networkConnectionEnabled: false, pageLoadStrategy: normal, platformName: windows, proxy: Proxy(), se:cdp: ws://localhost:50235/devtoo..., se:cdpVersion: 115.0.5790.171, setWindowRect: true, strictFileInteractability: false, timeouts: {implicit: 0, pageLoad: 300000, script: 30000}, unhandledPromptBehavior: dismiss and notify, webauthn:extension:credBlob: true, webauthn:extension:largeBlob: true, webauthn:extension:minPinLength: true, webauthn:extension:prf: true, webauthn:virtualAuthenticators: true}
Element: [[ChromeDriver: chrome on windows (0222689de64a5462ce6066cc48a0e168)] -&gt; xpath: /html/body/div[3]/aside/div/div[4]/div/div/nav/ul/li[4]/a/p]
Session ID: 0222689de64a5462ce6066cc48a0e168" type="org.openqa.selenium.ElementNotInteractableException">org.openqa.selenium.ElementNotInteractableException: element not interactable
  (Session info: chrome=115.0.5790.171)
Build info: version: &apos;4.11.0&apos;, revision: &apos;040bc5406b&apos;
System info: os.name: &apos;Windows 10&apos;, os.arch: &apos;amd64&apos;, os.version: &apos;10.0&apos;, java.version: &apos;17.0.3.1&apos;
Driver info: org.openqa.selenium.chrome.ChromeDriver
Command: [0222689de64a5462ce6066cc48a0e168, clickElement {id=0E797ACD42283D4D33D27C7A5608F6CC_element_103}]
Capabilities {acceptInsecureCerts: false, browserName: chrome, browserVersion: 115.0.5790.171, chrome: {chromedriverVersion: 115.0.5790.170 (cc0d30c2ca5..., userDataDir: C:\WINDOWS\SystemTemp\scope...}, goog:chromeOptions: {debuggerAddress: localhost:50235}, networkConnectionEnabled: false, pageLoadStrategy: normal, platformName: windows, proxy: Proxy(), se:cdp: ws://localhost:50235/devtoo..., se:cdpVersion: 115.0.5790.171, setWindowRect: true, strictFileInteractability: false, timeouts: {implicit: 0, pageLoad: 300000, script: 30000}, unhandledPromptBehavior: dismiss and notify, webauthn:extension:credBlob: true, webauthn:extension:largeBlob: true, webauthn:extension:minPinLength: true, webauthn:extension:prf: true, webauthn:virtualAuthenticators: true}
Element: [[ChromeDriver: chrome on windows (0222689de64a5462ce6066cc48a0e168)] -&gt; xpath: /html/body/div[3]/aside/div/div[4]/div/div/nav/ul/li[4]/a/p]
Session ID: 0222689de64a5462ce6066cc48a0e168
	at java.base/jdk.internal.reflect.NativeConstructorAccessorImpl.newInstance0(Native Method)
	at java.base/jdk.internal.reflect.NativeConstructorAccessorImpl.newInstance(NativeConstructorAccessorImpl.java:77)
	at java.base/jdk.internal.reflect.DelegatingConstructorAccessorImpl.newInstance(DelegatingConstructorAccessorImpl.java:45)
	at java.base/java.lang.reflect.Constructor.newInstanceWithCaller(Constructor.java:499)
	at java.base/java.lang.reflect.Constructor.newInstance(Constructor.java:480)
	at org.openqa.selenium.remote.codec.w3c.W3CHttpResponseCodec.createException(W3CHttpResponseCodec.java:200)
	at org.openqa.selenium.remote.codec.w3c.W3CHttpResponseCodec.decode(W3CHttpResponseCodec.java:133)
	at org.openqa.selenium.remote.codec.w3c.W3CHttpResponseCodec.decode(W3CHttpResponseCodec.java:52)
	at org.openqa.selenium.remote.HttpCommandExecutor.execute(HttpCommandExecutor.java:191)
	at org.openqa.selenium.remote.service.DriverCommandExecutor.invokeExecute(DriverCommandExecutor.java:196)
	at org.openqa.selenium.remote.service.DriverCommandExecutor.execute(DriverCommandExecutor.java:171)
	at org.openqa.selenium.remote.RemoteWebDriver.execute(RemoteWebDriver.java:518)
	at org.openqa.selenium.remote.RemoteWebElement.execute(RemoteWebElement.java:224)
	at org.openqa.selenium.remote.RemoteWebElement.click(RemoteWebElement.java:77)
	at pageObjects.AddCustomerPage.setLink_customer_menu(AddCustomerPage.java:74)
	at stepDefinations.Steps.user_click_on_customers_menu(Steps.java:147)
	at ✽.User click on customers Menu(file:///C:/Ani/cucumber/MiniCucumberProject/./Features/Customers.feature:24)
</error>
    <system-out>
@Customers @Regression
Scenario: Search customer by E-mailId                                    # Features/Customers.feature:23
2023-08-12 01:42:45 INFO  NOP Commerce Project:53-********Launching the chrome browser*********
  Given User Launch Firefox Browser                                      # stepDefinations.Steps.user_launch_firefox_browser()
2023-08-12 01:42:45 INFO  NOP Commerce Project:75-********Opening url http://admin-demo.nopcommerce.com/login *********
  When User open URL &quot;http://admin-demo.nopcommerce.com/login&quot;           # stepDefinations.Steps.user_Open_URL(java.lang.String)
2023-08-12 01:42:47 INFO  NOP Commerce Project:83-********Providing Login Details*********
2023-08-12 01:42:47 INFO  NOP Commerce Project:84-********Providing userName*********
2023-08-12 01:42:47 INFO  NOP Commerce Project:86-********Providing Password*********
  And User enters Email as &quot;admin@yourstore.com&quot; and Password as &quot;admin&quot; # stepDefinations.Steps.user_email_and_password(java.lang.String,java.lang.String)
2023-08-12 01:42:47 INFO  NOP Commerce Project:94-********Clicking the login button*********
  And Click on Login                                                     # stepDefinations.Steps.logIn()
  Then User can view Dasboard                                            # stepDefinations.Steps.user_can_view_dasboard()
  When User click on customers Menu                                      # stepDefinations.Steps.user_click_on_customers_menu()
      org.openqa.selenium.ElementNotInteractableException: element not interactable
  (Session info: chrome=115.0.5790.171)
Build info: version: &apos;4.11.0&apos;, revision: &apos;040bc5406b&apos;
System info: os.name: &apos;Windows 10&apos;, os.arch: &apos;amd64&apos;, os.version: &apos;10.0&apos;, java.version: &apos;17.0.3.1&apos;
Driver info: org.openqa.selenium.chrome.ChromeDriver
Command: [0222689de64a5462ce6066cc48a0e168, clickElement {id=0E797ACD42283D4D33D27C7A5608F6CC_element_103}]
Capabilities {acceptInsecureCerts: false, browserName: chrome, browserVersion: 115.0.5790.171, chrome: {chromedriverVersion: 115.0.5790.170 (cc0d30c2ca5..., userDataDir: C:\WINDOWS\SystemTemp\scope...}, goog:chromeOptions: {debuggerAddress: localhost:50235}, networkConnectionEnabled: false, pageLoadStrategy: normal, platformName: windows, proxy: Proxy(), se:cdp: ws://localhost:50235/devtoo..., se:cdpVersion: 115.0.5790.171, setWindowRect: true, strictFileInteractability: false, timeouts: {implicit: 0, pageLoad: 300000, script: 30000}, unhandledPromptBehavior: dismiss and notify, webauthn:extension:credBlob: true, webauthn:extension:largeBlob: true, webauthn:extension:minPinLength: true, webauthn:extension:prf: true, webauthn:virtualAuthenticators: true}
Element: [[ChromeDriver: chrome on windows (0222689de64a5462ce6066cc48a0e168)] -&gt; xpath: /html/body/div[3]/aside/div/div[4]/div/div/nav/ul/li[4]/a/p]
Session ID: 0222689de64a5462ce6066cc48a0e168
	at java.base/jdk.internal.reflect.NativeConstructorAccessorImpl.newInstance0(Native Method)
	at java.base/jdk.internal.reflect.NativeConstructorAccessorImpl.newInstance(NativeConstructorAccessorImpl.java:77)
	at java.base/jdk.internal.reflect.DelegatingConstructorAccessorImpl.newInstance(DelegatingConstructorAccessorImpl.java:45)
	at java.base/java.lang.reflect.Constructor.newInstanceWithCaller(Constructor.java:499)
	at java.base/java.lang.reflect.Constructor.newInstance(Constructor.java:480)
	at org.openqa.selenium.remote.codec.w3c.W3CHttpResponseCodec.createException(W3CHttpResponseCodec.java:200)
	at org.openqa.selenium.remote.codec.w3c.W3CHttpResponseCodec.decode(W3CHttpResponseCodec.java:133)
	at org.openqa.selenium.remote.codec.w3c.W3CHttpResponseCodec.decode(W3CHttpResponseCodec.java:52)
	at org.openqa.selenium.remote.HttpCommandExecutor.execute(HttpCommandExecutor.java:191)
	at org.openqa.selenium.remote.service.DriverCommandExecutor.invokeExecute(DriverCommandExecutor.java:196)
	at org.openqa.selenium.remote.service.DriverCommandExecutor.execute(DriverCommandExecutor.java:171)
	at org.openqa.selenium.remote.RemoteWebDriver.execute(RemoteWebDriver.java:518)
	at org.openqa.selenium.remote.RemoteWebElement.execute(RemoteWebElement.java:224)
	at org.openqa.selenium.remote.RemoteWebElement.click(RemoteWebElement.java:77)
	at pageObjects.AddCustomerPage.setLink_customer_menu(AddCustomerPage.java:74)
	at stepDefinations.Steps.user_click_on_customers_menu(Steps.java:147)
	at âœ½.User click on customers Menu(file:///C:/Ani/cucumber/MiniCucumberProject/./Features/Customers.feature:24)

  And Click on Customers menu item                                       # stepDefinations.Steps.click_on_customers_menu_item()
  And Enter customer e-mail                                              # stepDefinations.Steps.enter_customer_e_mail()
  When click on search button                                            # stepDefinations.Steps.click_on_search_button()
  Then user should find E-mail in search table                           # stepDefinations.Steps.user_should_find_e_mail_in_search_table()
  And Close browser                                                      # stepDefinations.Steps.close()
</system-out>
  </testcase>
  <testcase classname="Customers" name="Search customer by Name" time="15.929">
    <error message="element not interactable
  (Session info: chrome=115.0.5790.171)
Build info: version: &apos;4.11.0&apos;, revision: &apos;040bc5406b&apos;
System info: os.name: &apos;Windows 10&apos;, os.arch: &apos;amd64&apos;, os.version: &apos;10.0&apos;, java.version: &apos;17.0.3.1&apos;
Driver info: org.openqa.selenium.chrome.ChromeDriver
Command: [e644964448748e241a099f8d6f4386b3, clickElement {id=9F1BD7E00CC46D0CFA6BAF4B9D74E6FD_element_92}]
Capabilities {acceptInsecureCerts: false, browserName: chrome, browserVersion: 115.0.5790.171, chrome: {chromedriverVersion: 115.0.5790.170 (cc0d30c2ca5..., userDataDir: C:\WINDOWS\SystemTemp\scope...}, goog:chromeOptions: {debuggerAddress: localhost:50253}, networkConnectionEnabled: false, pageLoadStrategy: normal, platformName: windows, proxy: Proxy(), se:cdp: ws://localhost:50253/devtoo..., se:cdpVersion: 115.0.5790.171, setWindowRect: true, strictFileInteractability: false, timeouts: {implicit: 0, pageLoad: 300000, script: 30000}, unhandledPromptBehavior: dismiss and notify, webauthn:extension:credBlob: true, webauthn:extension:largeBlob: true, webauthn:extension:minPinLength: true, webauthn:extension:prf: true, webauthn:virtualAuthenticators: true}
Element: [[ChromeDriver: chrome on windows (e644964448748e241a099f8d6f4386b3)] -&gt; xpath: /html/body/div[3]/aside/div/div[4]/div/div/nav/ul/li[4]/a/p]
Session ID: e644964448748e241a099f8d6f4386b3" type="org.openqa.selenium.ElementNotInteractableException">org.openqa.selenium.ElementNotInteractableException: element not interactable
  (Session info: chrome=115.0.5790.171)
Build info: version: &apos;4.11.0&apos;, revision: &apos;040bc5406b&apos;
System info: os.name: &apos;Windows 10&apos;, os.arch: &apos;amd64&apos;, os.version: &apos;10.0&apos;, java.version: &apos;17.0.3.1&apos;
Driver info: org.openqa.selenium.chrome.ChromeDriver
Command: [e644964448748e241a099f8d6f4386b3, clickElement {id=9F1BD7E00CC46D0CFA6BAF4B9D74E6FD_element_92}]
Capabilities {acceptInsecureCerts: false, browserName: chrome, browserVersion: 115.0.5790.171, chrome: {chromedriverVersion: 115.0.5790.170 (cc0d30c2ca5..., userDataDir: C:\WINDOWS\SystemTemp\scope...}, goog:chromeOptions: {debuggerAddress: localhost:50253}, networkConnectionEnabled: false, pageLoadStrategy: normal, platformName: windows, proxy: Proxy(), se:cdp: ws://localhost:50253/devtoo..., se:cdpVersion: 115.0.5790.171, setWindowRect: true, strictFileInteractability: false, timeouts: {implicit: 0, pageLoad: 300000, script: 30000}, unhandledPromptBehavior: dismiss and notify, webauthn:extension:credBlob: true, webauthn:extension:largeBlob: true, webauthn:extension:minPinLength: true, webauthn:extension:prf: true, webauthn:virtualAuthenticators: true}
Element: [[ChromeDriver: chrome on windows (e644964448748e241a099f8d6f4386b3)] -&gt; xpath: /html/body/div[3]/aside/div/div[4]/div/div/nav/ul/li[4]/a/p]
Session ID: e644964448748e241a099f8d6f4386b3
	at java.base/jdk.internal.reflect.NativeConstructorAccessorImpl.newInstance0(Native Method)
	at java.base/jdk.internal.reflect.NativeConstructorAccessorImpl.newInstance(NativeConstructorAccessorImpl.java:77)
	at java.base/jdk.internal.reflect.DelegatingConstructorAccessorImpl.newInstance(DelegatingConstructorAccessorImpl.java:45)
	at java.base/java.lang.reflect.Constructor.newInstanceWithCaller(Constructor.java:499)
	at java.base/java.lang.reflect.Constructor.newInstance(Constructor.java:480)
	at org.openqa.selenium.remote.codec.w3c.W3CHttpResponseCodec.createException(W3CHttpResponseCodec.java:200)
	at org.openqa.selenium.remote.codec.w3c.W3CHttpResponseCodec.decode(W3CHttpResponseCodec.java:133)
	at org.openqa.selenium.remote.codec.w3c.W3CHttpResponseCodec.decode(W3CHttpResponseCodec.java:52)
	at org.openqa.selenium.remote.HttpCommandExecutor.execute(HttpCommandExecutor.java:191)
	at org.openqa.selenium.remote.service.DriverCommandExecutor.invokeExecute(DriverCommandExecutor.java:196)
	at org.openqa.selenium.remote.service.DriverCommandExecutor.execute(DriverCommandExecutor.java:171)
	at org.openqa.selenium.remote.RemoteWebDriver.execute(RemoteWebDriver.java:518)
	at org.openqa.selenium.remote.RemoteWebElement.execute(RemoteWebElement.java:224)
	at org.openqa.selenium.remote.RemoteWebElement.click(RemoteWebElement.java:77)
	at pageObjects.AddCustomerPage.setLink_customer_menu(AddCustomerPage.java:74)
	at stepDefinations.Steps.user_click_on_customers_menu(Steps.java:147)
	at ✽.User click on customers Menu(file:///C:/Ani/cucumber/MiniCucumberProject/./Features/Customers.feature:33)
</error>
    <system-out>
@Customers @Regression
Scenario: Search customer by Name                                        # Features/Customers.feature:32
2023-08-12 01:42:56 INFO  NOP Commerce Project:53-********Launching the chrome browser*********
  Given User Launch Firefox Browser                                      # stepDefinations.Steps.user_launch_firefox_browser()
2023-08-12 01:42:56 INFO  NOP Commerce Project:75-********Opening url http://admin-demo.nopcommerce.com/login *********
  When User open URL &quot;http://admin-demo.nopcommerce.com/login&quot;           # stepDefinations.Steps.user_Open_URL(java.lang.String)
2023-08-12 01:43:01 INFO  NOP Commerce Project:83-********Providing Login Details*********
2023-08-12 01:43:01 INFO  NOP Commerce Project:84-********Providing userName*********
2023-08-12 01:43:01 INFO  NOP Commerce Project:86-********Providing Password*********
  And User enters Email as &quot;admin@yourstore.com&quot; and Password as &quot;admin&quot; # stepDefinations.Steps.user_email_and_password(java.lang.String,java.lang.String)
2023-08-12 01:43:01 INFO  NOP Commerce Project:94-********Clicking the login button*********
  And Click on Login                                                     # stepDefinations.Steps.logIn()
  Then User can view Dasboard                                            # stepDefinations.Steps.user_can_view_dasboard()
  When User click on customers Menu                                      # stepDefinations.Steps.user_click_on_customers_menu()
      org.openqa.selenium.ElementNotInteractableException: element not interactable
  (Session info: chrome=115.0.5790.171)
Build info: version: &apos;4.11.0&apos;, revision: &apos;040bc5406b&apos;
System info: os.name: &apos;Windows 10&apos;, os.arch: &apos;amd64&apos;, os.version: &apos;10.0&apos;, java.version: &apos;17.0.3.1&apos;
Driver info: org.openqa.selenium.chrome.ChromeDriver
Command: [e644964448748e241a099f8d6f4386b3, clickElement {id=9F1BD7E00CC46D0CFA6BAF4B9D74E6FD_element_92}]
Capabilities {acceptInsecureCerts: false, browserName: chrome, browserVersion: 115.0.5790.171, chrome: {chromedriverVersion: 115.0.5790.170 (cc0d30c2ca5..., userDataDir: C:\WINDOWS\SystemTemp\scope...}, goog:chromeOptions: {debuggerAddress: localhost:50253}, networkConnectionEnabled: false, pageLoadStrategy: normal, platformName: windows, proxy: Proxy(), se:cdp: ws://localhost:50253/devtoo..., se:cdpVersion: 115.0.5790.171, setWindowRect: true, strictFileInteractability: false, timeouts: {implicit: 0, pageLoad: 300000, script: 30000}, unhandledPromptBehavior: dismiss and notify, webauthn:extension:credBlob: true, webauthn:extension:largeBlob: true, webauthn:extension:minPinLength: true, webauthn:extension:prf: true, webauthn:virtualAuthenticators: true}
Element: [[ChromeDriver: chrome on windows (e644964448748e241a099f8d6f4386b3)] -&gt; xpath: /html/body/div[3]/aside/div/div[4]/div/div/nav/ul/li[4]/a/p]
Session ID: e644964448748e241a099f8d6f4386b3
	at java.base/jdk.internal.reflect.NativeConstructorAccessorImpl.newInstance0(Native Method)
	at java.base/jdk.internal.reflect.NativeConstructorAccessorImpl.newInstance(NativeConstructorAccessorImpl.java:77)
	at java.base/jdk.internal.reflect.DelegatingConstructorAccessorImpl.newInstance(DelegatingConstructorAccessorImpl.java:45)
	at java.base/java.lang.reflect.Constructor.newInstanceWithCaller(Constructor.java:499)
	at java.base/java.lang.reflect.Constructor.newInstance(Constructor.java:480)
	at org.openqa.selenium.remote.codec.w3c.W3CHttpResponseCodec.createException(W3CHttpResponseCodec.java:200)
	at org.openqa.selenium.remote.codec.w3c.W3CHttpResponseCodec.decode(W3CHttpResponseCodec.java:133)
	at org.openqa.selenium.remote.codec.w3c.W3CHttpResponseCodec.decode(W3CHttpResponseCodec.java:52)
	at org.openqa.selenium.remote.HttpCommandExecutor.execute(HttpCommandExecutor.java:191)
	at org.openqa.selenium.remote.service.DriverCommandExecutor.invokeExecute(DriverCommandExecutor.java:196)
	at org.openqa.selenium.remote.service.DriverCommandExecutor.execute(DriverCommandExecutor.java:171)
	at org.openqa.selenium.remote.RemoteWebDriver.execute(RemoteWebDriver.java:518)
	at org.openqa.selenium.remote.RemoteWebElement.execute(RemoteWebElement.java:224)
	at org.openqa.selenium.remote.RemoteWebElement.click(RemoteWebElement.java:77)
	at pageObjects.AddCustomerPage.setLink_customer_menu(AddCustomerPage.java:74)
	at stepDefinations.Steps.user_click_on_customers_menu(Steps.java:147)
	at âœ½.User click on customers Menu(file:///C:/Ani/cucumber/MiniCucumberProject/./Features/Customers.feature:33)

  And Click on Customers menu item                                       # stepDefinations.Steps.click_on_customers_menu_item()
  And Enter customer FirstName                                           # stepDefinations.Steps.enter_customer_first_name()
  And Enter customer LastName                                            # stepDefinations.Steps.enter_customer_last_name()
  When click on search button                                            # stepDefinations.Steps.click_on_search_button()
  Then user should find Name in search table                             # stepDefinations.Steps.user_should_find_name_in_search_table()
  And Close browser                                                      # stepDefinations.Steps.close()
</system-out>
  </testcase>
  <testcase classname="Login" name="Successful Login with valid Credentials" time="26.469"/>
  <testcase classname="Login" name="Login Data Driven #1" time="26.605"/>
  <testcase classname="Login" name="Login Data Driven #2" time="24.93"/>
</testsuite>